1743614355250000000 - 3 - 397544
1743614355250066519 - 3 - 2422505
1743614355250085752 - 3 - 2473437
1743614355250179658 - 3 - 3926331
1743614355250249269 - 3 - 1783982
1743614355250271878 - 3 - 2419304
1743614355250317319 - 3 - 4879290
1743614355250341566 - 3 - 506116
1743614355250428381 - 3 - 4824831
1743614355250486128 - 3 - 1224830
1743614355250581546 - 3 - 2165674
1743614355250659509 - 3 - 3491039
1743614355250724533 - 3 - 745140
1743614355250750621 - 3 - 2460809
1743614355250847452 - 3 - 3349979
1743614355250930746 - 3 - 4226206
1743614355250948449 - 3 - 3939931
1743614355251037198 - 3 - 5895366
1743614355251227753 - 3 - 11965880
1743614355251387794 - 3 - 17886355
1743614355251454609 - 3 - 17210232
1743614355251541601 - 3 - 23573321
1743614355251599277 - 3 - 26698103
1743614355251791254 - 3 - 26756661
1743614355251990387 - 3 - 40608383
1743614355252177215 - 3 - 40772112
1743614355252324346 - 3 - 52488859
1743614355252416211 - 3 - 47457512
1743614355252560192 - 3 - 51663008
1743614355252735125 - 3 - 56043488
1743614355252850087 - 3 - 52178451
1743614355253022990 - 3 - 56883316
1743614355253118057 - 3 - 52287318
1743614355253258137 - 3 - 57983233
1743614355253361673 - 3 - 56355758
1743614355253441098 - 3 - 53230098
1743614355253631289 - 3 - 53275720
1743614355253716078 - 3 - 59718945
1743614355253873491 - 3 - 56023535
1743614355254072570 - 3 - 57292919
1743614355254217160 - 3 - 54156983
1743614355254413936 - 3 - 51771634
1743614355254496589 - 3 - 55508475
1743614355254601943 - 3 - 56425360
1743614355254782211 - 3 - 50951125
1743614355254854053 - 3 - 50064391
1743614355254905850 - 3 - 52149144